2025-05-25 19:53:47,140 - prepare_data.log - INFO - 40_1510310_hoifs-3 succeed : supercell length [17.694 17.694 21.24 ]
2025-05-25 19:53:50,350 - prepare_data.log - INFO - 264-cp-py-2-tcb succeed : supercell length [14.471      11.8206     14.98476457]
2025-05-25 19:53:53,826 - prepare_data.log - INFO - 282-cp-hp-1 succeed : supercell length [14.6938 15.5682 25.7065]
2025-05-25 19:53:55,909 - prepare_data.log - INFO - 117_1948438_hons2 succeed : supercell length [11.376  8.922 11.235]
2025-05-25 19:54:24,264 - prepare_data.log - INFO - 40_1510310_hoifs-3 succeed : supercell length [17.694 17.694 21.24 ]
2025-05-25 19:54:27,489 - prepare_data.log - INFO - 264-cp-py-2-tcb succeed : supercell length [14.471      11.8206     14.98476457]
2025-05-25 19:54:30,878 - prepare_data.log - INFO - 282-cp-hp-1 succeed : supercell length [14.6938 15.5682 25.7065]
2025-05-25 19:54:32,968 - prepare_data.log - INFO - 117_1948438_hons2 succeed : supercell length [11.376  8.922 11.235]
2025-05-25 19:54:35,784 - prepare_data.log - INFO - 160_2056901_tpe2tp succeed : supercell length [13.7655     14.55164213 16.3911    ]
2025-05-25 19:54:38,337 - prepare_data.log - INFO - 32_1540572_cphat-1a succeed : supercell length [14.37814    21.59716257 21.59716257]
2025-05-25 19:54:40,463 - prepare_data.log - INFO - 126_2027310_cpdbc-2 succeed : supercell length [14.834      33.79210666 33.79210666]
2025-05-25 19:54:42,039 - prepare_data.log - INFO - 304-hof-sxu-1 succeed : supercell length [11.0823     12.6752491  17.66423325]
2025-05-25 19:54:46,643 - prepare_data.log - INFO - 26_1523338_tetra succeed : supercell length [14.76364    21.58164418 21.58164418]
2025-05-25 19:54:49,755 - prepare_data.log - INFO - 282-ppy-1_01_0000 succeed : supercell length [14.7554 15.6241 25.0921]
2025-05-25 19:54:52,181 - prepare_data.log - INFO - 187_3d-p-benzoquinone succeed : supercell length [15.0242 13.413  13.413 ]
2025-05-25 19:54:57,837 - prepare_data.log - INFO - 203[1lso42]tba4 succeed : supercell length [17.3879 23.4235 34.57  ]
2025-05-25 19:54:59,995 - prepare_data.log - INFO - 18_1445429_1-h2o succeed : supercell length [15.87471172 15.87471172 15.87471172]
2025-05-25 20:00:16,060 - prepare_data.log - INFO - 6_918145_2as_tpma_tmbd-pos1c succeed : supercell length [31.2919 31.9775 41.6841]
2025-05-25 20:00:19,571 - prepare_data.log - INFO - 1_3 succeed : supercell length [12.3272 14.5376 13.9524]
2025-05-25 20:00:23,614 - prepare_data.log - INFO - 256-th5_dmso succeed : supercell length [11.57748846 11.57748846 16.471     ]
2025-05-25 20:00:25,584 - prepare_data.log - INFO - 53_1576296_2 succeed : supercell length [12.2182  8.281  11.0256]
2025-05-25 20:00:27,924 - prepare_data.log - INFO - 260-hof-nbda succeed : supercell length [14.9194     16.20466516 26.06909214]
2025-05-25 20:00:29,409 - prepare_data.log - INFO - 59_1834673_1 succeed : supercell length [ 8.283 12.815 16.686]
2025-05-25 20:00:36,265 - prepare_data.log - INFO - 84_1867927_1b succeed : supercell length [12.7761 13.1459 26.5707]
2025-05-25 20:00:38,052 - prepare_data.log - INFO - 59_1834675_3 succeed : supercell length [10.498 11.83  18.204]
2025-05-25 20:00:40,605 - prepare_data.log - INFO - 48_1550504_16 succeed : supercell length [14.2608     17.96816711 19.5959017 ]
2025-05-25 20:00:42,175 - prepare_data.log - INFO - 128_2010571_pfc-33tba succeed : supercell length [16.31  17.684 20.95 ]
2025-05-25 20:00:44,701 - prepare_data.log - INFO - 23_1424087_1_1d succeed : supercell length [14.5203 16.0332 18.9168]
2025-05-25 20:00:47,964 - prepare_data.log - INFO - 211-btba-1c1_sq succeed : supercell length [ 9.5047 15.3114 28.0673]
2025-05-25 20:00:50,741 - prepare_data.log - INFO - 314-4-br succeed : supercell length [13.011      14.40579344 14.40579344]
2025-05-25 20:00:52,287 - prepare_data.log - INFO - 2332269819co-hof succeed : supercell length [11.479      12.01707356 12.34      ]
2025-05-25 20:00:56,035 - prepare_data.log - INFO - 2_g34dmbs succeed : supercell length [14.7814  8.5401 18.695 ]
2025-05-25 20:00:59,425 - prepare_data.log - INFO - 294-5_pyridine succeed : supercell length [14.6226 14.7549 30.7507]
2025-05-25 20:01:03,439 - prepare_data.log - INFO - 55_1837141_1’-15min succeed : supercell length [14.7798 24.012  24.012 ]
2025-05-25 20:01:05,155 - prepare_data.log - INFO - 176_hof-zju-102 succeed : supercell length [10.1282436 10.1282436 21.4991   ]
2025-05-25 20:01:06,679 - prepare_data.log - INFO - 2031l succeed : supercell length [ 9.8361 12.2785 16.5665]
2025-05-25 20:01:10,205 - prepare_data.log - INFO - 187_3d-benzene-pbenzoquinone succeed : supercell length [15.0542 13.3714 13.3714]
2025-05-25 20:01:13,786 - prepare_data.log - INFO - 73_1908802_hcof-3 succeed : supercell length [20.24011945 20.24011945 23.55753785]
2025-05-25 20:01:16,365 - prepare_data.log - INFO - 113_1984953_hof-20 succeed : supercell length [14.075  22.555  22.8187]
2025-05-25 20:01:19,384 - prepare_data.log - INFO - 192hof-hapcp succeed : supercell length [15.8012 14.2403 35.402 ]
2025-05-25 20:01:23,289 - prepare_data.log - INFO - 45_1555043_1c succeed : supercell length [ 9.1916 12.7023 28.177 ]
2025-05-25 20:01:25,319 - prepare_data.log - INFO - 293-cbiphenyl succeed : supercell length [15.6163 17.0882 17.0882]
2025-05-25 20:01:27,484 - prepare_data.log - INFO - 294-2_5 succeed : supercell length [15.6606 18.9312 20.425 ]
2025-05-25 20:01:29,460 - prepare_data.log - INFO - 17_1411460_1 succeed : supercell length [11.0843 11.6045 14.394 ]
2025-05-25 20:01:32,414 - prepare_data.log - INFO - 92_1879989_mhof-3 succeed : supercell length [ 8.841      14.85920443 14.85920443]
2025-05-25 20:01:34,280 - prepare_data.log - INFO - 162_2076400_pyfa_298k succeed : supercell length [10.1564  8.5928  9.4682]
2025-05-25 20:01:36,903 - prepare_data.log - INFO - 5-5 succeed : supercell length [23.28638388 23.28638388 23.28638388]
2025-05-25 20:01:39,438 - prepare_data.log - INFO - 125_1892511_hma2[bi2pda42water]4water succeed : supercell length [12.3047 13.339  15.5313]
2025-05-25 20:01:42,053 - prepare_data.log - INFO - 293-2s4 succeed : supercell length [14.03   9.014  9.598]
2025-05-25 20:01:45,127 - prepare_data.log - INFO - 294-4_bpy_dmso_dcm succeed : supercell length [11.4326 11.5789 29.0833]
2025-05-25 20:01:48,226 - prepare_data.log - INFO - 13-3_ref_1234 succeed : supercell length [11.6524 13.9849 24.7202]
2025-05-25 20:01:55,944 - prepare_data.log - INFO - 100_1974317_2 succeed : supercell length [27.838  27.838  28.8132]
2025-05-25 20:01:58,213 - prepare_data.log - INFO - 85_1888690_ecut-hof-30 succeed : supercell length [ 8.4223  9.693  12.7665]
2025-05-25 20:02:00,697 - prepare_data.log - INFO - 98_1938465_complex1 succeed : supercell length [12.5851 15.9163 17.3568]
2025-05-25 20:02:03,189 - prepare_data.log - INFO - 2_g3fbs succeed : supercell length [14.338 14.608 11.532]
2025-05-25 20:02:05,877 - prepare_data.log - INFO - 82_1888147_br-1 succeed : supercell length [11.17 18.39 25.9 ]
2025-05-25 20:02:08,269 - prepare_data.log - INFO - 48_1846100_6 succeed : supercell length [14.4424  8.0959 12.973 ]
2025-05-25 20:02:10,469 - prepare_data.log - INFO - 2272235812 succeed : supercell length [15.6534  8.7133  9.6438]
2025-05-25 20:02:13,101 - prepare_data.log - INFO - 157_1979289_hof-16-methanol succeed : supercell length [14.9645     16.45889704 16.45889704]
2025-05-25 20:02:16,623 - prepare_data.log - INFO - 168_2087503_hof-30p succeed : supercell length [14.3124     18.25996716 18.25996716]
2025-05-25 20:02:16,688 - prepare_data.log - ERROR - 139_2052953_phnh2@fju-200 failed : [Errno 2] No such file or directory: 'data/HOF_cif/cif/139_2052953_phnh2'
2025-05-25 20:02:20,485 - prepare_data.log - INFO - 187_1d-r succeed : supercell length [15.0906     12.90907658 24.954     ]
2025-05-25 20:02:22,934 - prepare_data.log - INFO - 21520140741 succeed : supercell length [15.9684 15.8121 18.7164]
2025-05-25 20:02:31,150 - prepare_data.log - INFO - 243-hof-fju-39 succeed : supercell length [12.7008 26.0163 52.0939]
2025-05-25 20:02:33,079 - prepare_data.log - INFO - 151-bptp-1-tcb succeed : supercell length [ 9.3082     30.7096     30.97492502]
2025-05-25 20:02:35,214 - prepare_data.log - INFO - 153_2038609_bisimidazoliumterephthalate-100k succeed : supercell length [8.0817 9.6205 9.8959]
2025-05-25 20:02:39,080 - prepare_data.log - INFO - 62_1877480_cphatn-npdmac succeed : supercell length [15.11466 20.5126  26.9565 ]
2025-05-25 20:02:43,095 - prepare_data.log - INFO - 2_g3cbs succeed : supercell length [14.6316 14.6484 12.272 ]
2025-05-25 20:03:57,421 - prepare_data.log - INFO - 56_1833798_1dy4 succeed : supercell length [55.20045924 55.20045924 55.20045924]
2025-05-25 20:03:59,653 - prepare_data.log - INFO - 38_1578414_tpme-2 succeed : supercell length [13.2528 16.273  18.7976]
2025-05-25 20:04:05,721 - prepare_data.log - INFO - 62_1886521_cphatn-npnmp succeed : supercell length [23.5339 25.9485 27.4962]
2025-05-25 20:04:11,277 - prepare_data.log - INFO - 212-hcof6 succeed : supercell length [22.9674 24.0599 24.0599]
2025-05-25 20:04:13,221 - prepare_data.log - INFO - 295-upc-hof-6 succeed : supercell length [13.25754773 13.25754773 16.2722    ]
2025-05-25 20:04:16,009 - prepare_data.log - INFO - 293-abiphen succeed : supercell length [14.63623 18.8876  18.8876 ]
2025-05-25 20:04:18,285 - prepare_data.log - INFO - 37_1541092-viii succeed : supercell length [14.913  11.1017 12.5632]
2025-05-25 20:04:22,180 - prepare_data.log - INFO - 5-10 succeed : supercell length [23.31328807 23.31328807 23.31328807]
2025-05-25 20:04:24,070 - prepare_data.log - INFO - 48_1846103_2 succeed : supercell length [10.7668 11.4964 16.8992]
2025-05-25 20:04:27,158 - prepare_data.log - INFO - 1_5 succeed : supercell length [12.1928 14.6004 14.6979]
2025-05-25 20:04:30,696 - prepare_data.log - INFO - 73_1910292_p7 succeed : supercell length [20.06384586 20.06384586 23.427371  ]
2025-05-25 20:04:32,980 - prepare_data.log - INFO - 298-ecut-hof-30 succeed : supercell length [ 8.4223  9.693  12.7665]
2025-05-25 20:04:35,363 - prepare_data.log - INFO - 88_1850863_1 succeed : supercell length [11.0521     12.71160219 14.15844232]
2025-05-25 20:04:43,903 - prepare_data.log - INFO - 115_2005567_cbpe-1mebz succeed : supercell length [25.1707 25.1707 41.8989]
2025-05-25 20:04:48,162 - prepare_data.log - INFO - 201-hof-fju-2acetone succeed : supercell length [12.9862     22.1764     23.05347334]
2025-05-25 20:04:49,875 - prepare_data.log - INFO - 185_hof-110 succeed : supercell length [ 8.5009 21.4939 25.0055]
2025-05-25 20:04:53,049 - prepare_data.log - INFO - 282-cp-py-1 succeed : supercell length [14.7446 15.6634 25.1288]
2025-05-25 20:04:54,308 - prepare_data.log - INFO - 116_1998745_abtpa-2 succeed : supercell length [14.4262 31.145  35.12  ]
2025-05-25 20:04:56,112 - prepare_data.log - INFO - 76_1893340_1 succeed : supercell length [ 9.498  10.6645 10.7854]
2025-05-25 20:04:58,149 - prepare_data.log - INFO - 138_1969815_2d-90 succeed : supercell length [10.3734 10.3734 42.004 ]
2025-05-25 20:05:00,940 - prepare_data.log - INFO - 187_1d-c succeed : supercell length [10.4477 12.2738 17.983 ]
2025-05-25 20:05:03,894 - prepare_data.log - INFO - 87_1902587_tcpp-2dmf succeed : supercell length [15.6168 13.4818 14.5629]
2025-05-25 20:05:09,281 - prepare_data.log - INFO - 163_2091096_hcof-101 succeed : supercell length [13.4227 24.0134 41.5667]
2025-05-25 20:05:11,557 - prepare_data.log - INFO - 179-hof-30 succeed : supercell length [ 8.4223  9.693  12.7665]
2025-05-25 20:05:14,192 - prepare_data.log - INFO - 254-ck1222a succeed : supercell length [10.1245     16.93824466 16.93824466]
2025-05-25 20:05:15,334 - prepare_data.log - INFO - 28_1478358_t2-_240k succeed : supercell length [14.5728 23.2209 23.2209]
2025-05-25 20:05:16,864 - prepare_data.log - INFO - 263-bptca-2_hklf5 succeed : supercell length [10.8266     16.68108413 18.5503    ]
2025-05-25 20:05:19,551 - prepare_data.log - INFO - 142_2031631_8pcom-dmf succeed : supercell length [15.2768 19.1208 20.1386]
2025-05-25 20:05:21,785 - prepare_data.log - INFO - 168_2087504_hof-30 succeed : supercell length [14.2638     15.79579913 15.79579913]
2025-05-25 20:05:24,981 - prepare_data.log - INFO - 43_1583115_cpos-3 succeed : supercell length [14.1808 18.7027 18.7027]
2025-05-25 20:05:28,882 - prepare_data.log - INFO - 1881ct-18c6-i succeed : supercell length [ 8.2601 13.6633 26.8789]
2025-05-25 20:05:32,594 - prepare_data.log - INFO - 51_1819782_tcf-2 succeed : supercell length [26.19       26.19       26.32282645]
2025-05-25 20:05:35,393 - prepare_data.log - INFO - 49_1815223_hof1b succeed : supercell length [10.0113 10.5786 12.8998]
2025-05-25 20:05:36,599 - prepare_data.log - INFO - 152_2077900_pfc-77 succeed : supercell length [11.556 13.713 16.811]
2025-05-25 20:05:40,016 - prepare_data.log - INFO - 109_1881304_mtocz succeed : supercell length [14.75885385 14.75885385 14.75885385]
2025-05-25 20:05:42,357 - prepare_data.log - INFO - 32_1540573_np-cphata succeed : supercell length [ 8.7814 18.8835 21.9651]
2025-05-25 20:05:44,079 - prepare_data.log - INFO - 250-hof-zstu-2 succeed : supercell length [ 9.6409 15.0623 17.8146]
2025-05-25 20:05:46,670 - prepare_data.log - INFO - 168_2087502_hof-30e succeed : supercell length [14.5011     18.16919837 18.16919837]
2025-05-25 20:05:48,422 - prepare_data.log - INFO - 29_1438257_hof-9-py succeed : supercell length [10.8777 11.758  15.752 ]
2025-05-25 20:05:50,785 - prepare_data.log - INFO - 270-fju-57 succeed : supercell length [ 8.9567 12.2826 15.4474]
2025-05-25 20:05:54,762 - prepare_data.log - INFO - 55_1837135_2 succeed : supercell length [14.7448 24.069  24.069 ]
2025-05-25 20:05:56,907 - prepare_data.log - INFO - 37_1541099-xv succeed : supercell length [11.9252 12.0042 17.3073]
2025-05-25 20:06:02,439 - prepare_data.log - INFO - 102_1970873_74dmso succeed : supercell length [16.7736 21.5283 22.2754]
2025-05-25 20:06:05,396 - prepare_data.log - INFO - 292-hiam-103 succeed : supercell length [16.8189 22.0667 22.0667]
2025-05-25 20:06:08,852 - prepare_data.log - INFO - 142_2031630_8pcom-dmso succeed : supercell length [14.302  19.2849 20.6738]
2025-05-25 20:06:11,398 - prepare_data.log - INFO - 41_1493602_d0-293k succeed : supercell length [13.96   9.641 15.977]
2025-05-25 20:06:13,768 - prepare_data.log - INFO - 92_1879988_mhof-2 succeed : supercell length [8.842 9.416 9.745]
2025-05-25 20:06:15,303 - prepare_data.log - INFO - 128_2010570_pfc-33tea succeed : supercell length [16.336 17.768 20.833]
2025-05-25 20:06:19,355 - prepare_data.log - INFO - 2_g4ipbs0678 succeed : supercell length [14.1234 19.1153 21.745 ]
2025-05-25 20:06:22,925 - prepare_data.log - INFO - 115_2005568_cbpe-1deani succeed : supercell length [14.56660672 14.56660672 41.523     ]
2025-05-25 20:06:25,023 - prepare_data.log - INFO - 48_1846101_5 succeed : supercell length [8.671  8.9923 9.2524]
2025-05-25 20:06:29,774 - prepare_data.log - INFO - 27_1528352_hccf-1 succeed : supercell length [26.09443226 26.09443226 26.09443226]
2025-05-25 20:06:32,865 - prepare_data.log - INFO - 54_1857528_pyvdw⊃chcl3 succeed : supercell length [10.553 20.207 23.572]
2025-05-25 20:06:35,220 - prepare_data.log - INFO - 19_1424089_tp-1 succeed : supercell length [14.5303 14.9461 20.2579]
2025-05-25 20:06:38,797 - prepare_data.log - INFO - 73_1908805_hcof-4 succeed : supercell length [20.49819289 20.49819289 23.6620914 ]
2025-05-25 20:06:41,307 - prepare_data.log - INFO - 78_1576305_1 succeed : supercell length [12.412 14.456 11.882]
2025-05-25 20:06:46,561 - prepare_data.log - INFO - 32_1540571_cphat-1-tcb succeed : supercell length [14.40248 37.2013  37.2013 ]
2025-05-25 20:06:48,400 - prepare_data.log - INFO - 48_1846107_19 succeed : supercell length [ 9.4056  9.57   10.632 ]
2025-05-25 20:07:02,911 - prepare_data.log - INFO - 15-jesse01_sq succeed : supercell length [31.1904 31.2132 51.976 ]
2025-05-25 20:07:04,664 - prepare_data.log - INFO - 190_hof-101-nh2 succeed : supercell length [11.61       20.24034969 20.24034969]
2025-05-25 20:07:06,645 - prepare_data.log - INFO - 3_822584_2dmf5c6h6s2a succeed : supercell length [ 8.3803 12.1013 16.1017]
2025-05-25 20:07:08,332 - prepare_data.log - INFO - 2033 succeed : supercell length [ 9.8568 12.8578 18.7508]
2025-05-25 20:07:11,113 - prepare_data.log - INFO - 178_ptc-235-mecn succeed : supercell length [21.11456204 21.11456204 21.11456204]
2025-05-25 20:07:13,220 - prepare_data.log - INFO - 145_2000806_pfc-26 succeed : supercell length [ 9.222  9.822 15.776]
2025-05-25 20:07:15,121 - prepare_data.log - INFO - 159_2080628_cp-pp-3tcb succeed : supercell length [12.494  11.7392 11.9977]
2025-05-25 20:07:18,189 - prepare_data.log - INFO - 5-13 succeed : supercell length [23.15535423 23.15535423 23.15535423]
2025-05-25 20:07:19,446 - prepare_data.log - INFO - 249-zaf succeed : supercell length [15.06412025 15.06412025 15.06412025]
2025-05-25 20:07:21,332 - prepare_data.log - INFO - 148_1940052_seu-1 succeed : supercell length [11.24544152 11.24544152 11.5204    ]
2025-05-25 20:07:23,504 - prepare_data.log - INFO - 275-cagehof-2_deso succeed : supercell length [11.2811 18.3738 18.3738]
2025-05-25 20:07:25,462 - prepare_data.log - INFO - 40_1510308_hoifs-1 succeed : supercell length [17.788 17.788 21.332]
2025-05-25 20:07:27,348 - prepare_data.log - INFO - 2292278848 succeed : supercell length [11.0589 10.0727 10.6367]
2025-05-25 20:07:29,463 - prepare_data.log - INFO - 271-1 succeed : supercell length [ 9.5241 10.4051 17.8775]
2025-05-25 20:07:31,371 - prepare_data.log - INFO - 2_g4ebs3 succeed : supercell length [15.016      10.90313938 12.377     ]
2025-05-25 20:07:34,176 - prepare_data.log - INFO - 142_2031632_8pcom-act succeed : supercell length [15.1856 19.1159 20.0948]
2025-05-25 20:07:36,504 - prepare_data.log - INFO - 21_1473368_hof-gs-10 succeed : supercell length [14.5262 14.6168 11.6934]
2025-05-25 20:07:39,281 - prepare_data.log - INFO - 1_10 succeed : supercell length [ 9.1969  9.928  14.2622]
2025-05-25 20:07:41,296 - prepare_data.log - INFO - 66_1886472_tpm_h2o-296k succeed : supercell length [10.6249 10.6249 38.276 ]
2025-05-25 20:07:42,071 - prepare_data.log - INFO - 184_cfa-20-br succeed : supercell length [15.80949341 15.80949341 15.80949341]
2025-05-25 20:07:46,374 - prepare_data.log - INFO - 48_1846099_10 succeed : supercell length [15.1688 15.3613 37.013 ]
2025-05-25 20:07:49,475 - prepare_data.log - INFO - 119_1974656_dy4 succeed : supercell length [14.2573 14.6307 14.6437]
2025-05-25 20:07:53,225 - prepare_data.log - INFO - 102_1970870_10 succeed : supercell length [21.2262 27.827  27.827 ]
2025-05-25 20:07:54,843 - prepare_data.log - INFO - 193-dap-hof-1 succeed : supercell length [10.7786     11.47969821 11.47969821]
2025-05-25 20:07:57,829 - prepare_data.log - INFO - 62_1877481_cphatn-1tcb succeed : supercell length [14.55508 20.8039  21.7135 ]
2025-05-25 20:08:02,549 - prepare_data.log - INFO - 163_2090889_m1 succeed : supercell length [ 9.5436 19.1717 19.1717]
2025-05-25 20:08:05,502 - prepare_data.log - INFO - 28_1478355_t1chcl33 succeed : supercell length [11.5625 14.2257 23.1375]
2025-05-25 20:08:09,587 - prepare_data.log - INFO - 84_1867936_10 succeed : supercell length [18.7832     19.8273     20.56128981]
2025-05-25 20:08:14,937 - prepare_data.log - INFO - 2_g4tbbs0671 succeed : supercell length [13.2277 19.169  22.004 ]
2025-05-25 20:08:20,686 - prepare_data.log - INFO - 160_2056896_tpe4benzoate succeed : supercell length [ 9.6962 22.7774 25.0174]
2025-05-25 20:08:24,525 - prepare_data.log - INFO - 9_1427359_hof-2-r-pea succeed : supercell length [11.9083 11.9083 71.9218]
2025-05-25 20:08:27,801 - prepare_data.log - INFO - 84_1867932_6 succeed : supercell length [12.126 12.492 14.259]
2025-05-25 20:08:30,277 - prepare_data.log - INFO - 48_1846102_3 succeed : supercell length [12.973 14.535 16.393]
2025-05-25 20:08:32,155 - prepare_data.log - INFO - 192hof-tripod succeed : supercell length [10.87609109 10.87609109 10.87609109]
2025-05-25 20:08:34,821 - prepare_data.log - INFO - 37_1541090-vi succeed : supercell length [ 8.6502  9.6704 10.404 ]
2025-05-25 20:08:36,604 - prepare_data.log - INFO - 162_2076404_pyia_298k succeed : supercell length [ 9.904   8.9952 10.3424]
2025-05-25 20:08:38,705 - prepare_data.log - INFO - 2_g4nbs succeed : supercell length [15.4948 11.2544 13.0949]
2025-05-25 20:08:40,990 - prepare_data.log - INFO - 2162209418zhof succeed : supercell length [15.5196  8.3038 15.946 ]
2025-05-25 20:08:53,980 - prepare_data.log - INFO - 84_1867926_1a succeed : supercell length [12.9808 13.8865 24.7551]
2025-05-25 20:08:56,038 - prepare_data.log - INFO - 167_pfc-55 succeed : supercell length [16.486      18.062      18.73768232]
2025-05-25 20:08:58,993 - prepare_data.log - INFO - 2_g4bbs13 succeed : supercell length [15.5414 18.52   22.903 ]
2025-05-25 20:09:01,416 - prepare_data.log - INFO - 168_2087501_hof-30m succeed : supercell length [14.7692     17.92628935 17.92628935]
2025-05-25 20:09:03,580 - prepare_data.log - INFO - 54_1857531_pyclose succeed : supercell length [10.1991 14.62   16.2464]
2025-05-25 20:09:09,640 - prepare_data.log - INFO - 35_1573633_hof-11 succeed : supercell length [14.6674 26.482  49.894 ]
2025-05-25 20:09:11,653 - prepare_data.log - INFO - 38_1578415_tpme-3 succeed : supercell length [14.593  15.3214 20.375 ]
2025-05-25 20:09:13,488 - prepare_data.log - INFO - 28_1478365_t1c5h1234 succeed : supercell length [11.5733 14.5119 22.7766]
2025-05-25 20:09:14,868 - prepare_data.log - INFO - 219tri-pmdi-br succeed : supercell length [11.4095 20.2269 20.2269]
2025-05-25 20:09:19,000 - prepare_data.log - INFO - 55_1837139_1’-7min succeed : supercell length [14.942 24.155 24.155]
2025-05-25 20:09:21,679 - prepare_data.log - INFO - 97_1907797_hof-76 succeed : supercell length [13.7223     22.539      23.23539779]
2025-05-25 20:09:27,341 - prepare_data.log - INFO - 1882ct-18c6-ii succeed : supercell length [13.1094 25.3405 26.7457]
2025-05-25 20:09:30,278 - prepare_data.log - INFO - 43_1583114_cpos-2 succeed : supercell length [13.5948 17.7319 17.7319]
2025-05-25 20:09:33,438 - prepare_data.log - INFO - 193-dap_anhydrate succeed : supercell length [13.52974 12.37809 14.97434]
2025-05-25 20:09:35,696 - prepare_data.log - INFO - 2_g4bbs21 succeed : supercell length [15.4862 11.2471 19.8076]
2025-05-25 20:09:38,274 - prepare_data.log - INFO - 293-bnh2 succeed : supercell length [ 9.575 19.503 22.669]
2025-05-25 20:09:42,434 - prepare_data.log - INFO - 293-bbiphen_2d succeed : supercell length [14.7066     24.75290223 26.07550537]
2025-05-25 20:09:44,957 - prepare_data.log - INFO - 140_2046914_zju-hof-10 succeed : supercell length [13.359      25.44872124 26.77697799]
2025-05-25 20:09:46,756 - prepare_data.log - INFO - 63_1866018_sq-2tfa succeed : supercell length [11.994      15.974      16.09527212]
2025-05-25 20:09:49,599 - prepare_data.log - INFO - 195 succeed : supercell length [14.2985     16.38245525 16.38245525]
2025-05-25 20:09:51,843 - prepare_data.log - INFO - 49_1815225_hof2b succeed : supercell length [ 9.4519  9.5611 15.3911]
2025-05-25 20:09:54,796 - prepare_data.log - INFO - 149_1962984_bpmcz-p2 succeed : supercell length [15.786 21.199 30.627]
2025-05-25 20:09:57,854 - prepare_data.log - INFO - 2_g4fbs0516 succeed : supercell length [14.91  12.308 32.565]
2025-05-25 20:10:01,462 - prepare_data.log - INFO - 79_1890648_hof-fe succeed : supercell length [11.5182 11.5182 20.901 ]
2025-05-25 20:10:07,842 - prepare_data.log - INFO - 187_3d-thf-pbenzoquinone succeed : supercell length [15.0574 13.1402 13.5084]
2025-05-25 20:10:10,431 - prepare_data.log - INFO - 88_1850834_3 succeed : supercell length [ 9.9589    13.9816    15.8675598]
2025-05-25 20:10:12,476 - prepare_data.log - INFO - 126_2027309_cpdbc-1 succeed : supercell length [11.2854 24.323  41.416 ]
2025-05-25 20:10:17,456 - prepare_data.log - INFO - 1882ct-18c6-iii succeed : supercell length [ 8.0251 20.3236 27.4687]
2025-05-25 20:10:19,773 - prepare_data.log - INFO - 148_1940053_seu-2 succeed : supercell length [11.3731 13.3968 18.0672]
2025-05-25 20:10:24,116 - prepare_data.log - INFO - 2_g4ipbs0675 succeed : supercell length [13.832 18.965 21.733]
2025-05-25 20:10:26,680 - prepare_data.log - INFO - 2212235806 succeed : supercell length [14.6965 15.9293 24.0212]
2025-05-25 20:10:34,001 - prepare_data.log - INFO - 95_1865242_pethof-2 succeed : supercell length [17.6141 33.926  52.276 ]
2025-05-25 20:10:36,685 - prepare_data.log - INFO - 108_1950449_zrt-1- succeed : supercell length [26.10030124 26.10030124 26.10030124]
2025-05-25 20:10:39,170 - prepare_data.log - INFO - 1_9 succeed : supercell length [15.1274 15.3145 23.9029]
2025-05-25 20:10:41,533 - prepare_data.log - INFO - 88_1850862_2 succeed : supercell length [11.04       12.70572327 14.10085105]
2025-05-25 20:10:43,087 - prepare_data.log - INFO - 186_pfc-72-co succeed : supercell length [ 9.1973 18.033  22.096 ]
2025-05-25 20:10:46,999 - prepare_data.log - INFO - 64_1823162_1-ni succeed : supercell length [33.9737 35.8121 38.6607]
2025-05-25 20:10:48,395 - prepare_data.log - INFO - 297_sof-8 succeed : supercell length [ 8.356  15.2674 31.4388]
2025-05-25 20:10:51,346 - prepare_data.log - INFO - 82_1888145_cl-1 succeed : supercell length [10.5988 17.4552 24.3721]
2025-05-25 20:10:55,465 - prepare_data.log - INFO - 84_1867929_3 succeed : supercell length [12.5807 13.9645 24.5444]
2025-05-25 20:10:58,594 - prepare_data.log - INFO - 87_1902589_tcpp-6dmf succeed : supercell length [12.6676 15.5664 37.121 ]
2025-05-25 20:11:01,201 - prepare_data.log - INFO - 260-hof-nbdadma succeed : supercell length [14.6965 15.9293 24.0212]
2025-05-25 20:11:05,820 - prepare_data.log - INFO - 232hof-tppas succeed : supercell length [ 9.319      21.29532323 27.69      ]
2025-05-25 20:11:10,804 - prepare_data.log - INFO - 75_1889093_16asf6 succeed : supercell length [27.8892814 27.8892814 27.8892814]
2025-05-25 20:11:12,417 - prepare_data.log - INFO - 296-pyca-higha succeed : supercell length [ 8.1575 10.3671 11.0921]
2025-05-25 20:11:13,930 - prepare_data.log - INFO - 42_1579888_phtcz-2 succeed : supercell length [15.544 18.358 18.358]
2025-05-25 20:11:16,399 - prepare_data.log - INFO - 82_1888148_br3-1 succeed : supercell length [13.6199 17.7059 18.3642]
2025-05-25 20:11:18,854 - prepare_data.log - INFO - 119_1974671_dy-hhfs succeed : supercell length [ 9.8718 15.9739 18.2924]
2025-05-25 20:11:23,174 - prepare_data.log - INFO - 75_1889092_1a6pf6 succeed : supercell length [28.54568862 28.54568862 28.54568862]
2025-05-25 20:11:25,259 - prepare_data.log - INFO - 218-hof-tcpb-298 succeed : supercell length [12.51  11.386 16.794]
2025-05-25 20:11:28,277 - prepare_data.log - INFO - 79_1890647_hof-co succeed : supercell length [11.4062 11.4062 20.86  ]
2025-05-25 20:11:29,880 - prepare_data.log - INFO - 263-tptca-1 succeed : supercell length [14.3832     14.90588802 15.59008999]
2025-05-25 20:11:37,179 - prepare_data.log - INFO - 5-4 succeed : supercell length [26.98 26.98 26.98]
2025-05-25 20:11:39,858 - prepare_data.log - INFO - 209-zioc2-4h2o-rt succeed : supercell length [13.7896  9.6899 10.9601]
2025-05-25 20:11:45,018 - prepare_data.log - INFO - 273-nku-1000-100k succeed : supercell length [17.1244 19.2051 20.0016]
2025-05-25 20:11:58,284 - prepare_data.log - INFO - 178_ptc-235 succeed : supercell length [29.6816 29.6816 29.6816]
2025-05-25 20:12:01,478 - prepare_data.log - INFO - 9_1427358_hof-2 succeed : supercell length [11.8861 11.8861 71.796 ]
2025-05-25 20:12:03,828 - prepare_data.log - INFO - 235_phof-1re succeed : supercell length [11.7452     11.90169314 16.631     ]
2025-05-25 20:12:06,845 - prepare_data.log - INFO - 129_1984230_upc-h9 succeed : supercell length [11.2723 14.821  18.109 ]
2025-05-25 20:12:08,546 - prepare_data.log - INFO - 259-etta_cl1br3 succeed : supercell length [10.8456 12.1276 13.2311]
2025-05-25 20:12:11,977 - prepare_data.log - INFO - 160_2056903_tpe-2bph succeed : supercell length [12.2599 17.9684 24.661 ]
2025-05-25 20:12:15,327 - prepare_data.log - INFO - 129_1984228_upc-h7 succeed : supercell length [ 9.7754 12.5427 22.3714]
2025-05-25 20:12:18,430 - prepare_data.log - INFO - 187_3d-benzene succeed : supercell length [15.092 13.297 13.297]
2025-05-25 20:12:29,481 - prepare_data.log - INFO - 197-3ct-18c6-i succeed : supercell length [18.7773 26.0511 26.0511]
2025-05-25 20:12:32,781 - prepare_data.log - INFO - 53_1576297_1 succeed : supercell length [14.158  16.8679 18.4531]
2025-05-25 20:12:36,170 - prepare_data.log - INFO - 199-2088382 succeed : supercell length [ 9.2142 12.882  26.881 ]
2025-05-25 20:12:38,401 - prepare_data.log - INFO - 2272235813 succeed : supercell length [15.9802  9.6412  9.6724]
2025-05-25 20:12:40,023 - prepare_data.log - INFO - 186_pfc-71 succeed : supercell length [ 8.4694    21.5532018 21.5532018]
2025-05-25 20:12:41,923 - prepare_data.log - INFO - 210-xhof succeed : supercell length [8.08274989 8.08274989 9.80949122]
2025-05-25 20:12:46,351 - prepare_data.log - INFO - 6_880742_2as-tpmatcbd-pos1a succeed : supercell length [14.0942     22.70793185 22.70793185]
2025-05-25 20:12:51,272 - prepare_data.log - INFO - 7_907057_sbds_tpma_gf succeed : supercell length [19.7218 19.7218 27.0274]
2025-05-25 20:12:55,239 - prepare_data.log - INFO - 2_g4mbs0516 succeed : supercell length [14.973 18.757 23.471]
2025-05-25 20:12:57,692 - prepare_data.log - INFO - 2232241288hof-fju-8 succeed : supercell length [10.9497 11.1069 13.3757]
2025-05-25 20:12:59,091 - prepare_data.log - INFO - 70_1898279_hof1⊃thiophene succeed : supercell length [ 8.66195    17.37619628 19.85433129]
2025-05-25 20:13:01,568 - prepare_data.log - INFO - 131_1976307_upc-h5 succeed : supercell length [10.4362 15.454  19.962 ]
2025-05-25 20:13:04,012 - prepare_data.log - INFO - 143_1980599_smof-asfsix-1 succeed : supercell length [13.15749525 13.15749525 14.2472    ]
2025-05-25 20:13:06,552 - prepare_data.log - INFO - 218-hof-tcpb-373 succeed : supercell length [11.3785     12.61424338 20.8639    ]
2025-05-25 20:13:08,835 - prepare_data.log - INFO - 34_1563352_cpsm-2 succeed : supercell length [19.6149     19.68994394 22.7514    ]
2025-05-25 20:13:10,948 - prepare_data.log - INFO - 89_1916384_1 succeed : supercell length [ 8.04   11.1262 20.2726]
2025-05-25 20:13:13,320 - prepare_data.log - INFO - 301-pttcn-1 succeed : supercell length [12.2673 13.3527 16.4252]
2025-05-25 20:13:14,845 - prepare_data.log - INFO - 258-hof-lifm-6 succeed : supercell length [ 8.9607     18.10240517 34.80740402]
2025-05-25 20:13:17,200 - prepare_data.log - INFO - 94_1885768_upc-h4 succeed : supercell length [13.1698 16.6866 34.8753]
2025-05-25 20:13:21,037 - prepare_data.log - INFO - 49_1815227_hof3b succeed : supercell length [ 9.2167 11.1858 18.6477]
2025-05-25 20:13:25,318 - prepare_data.log - INFO - 142_2031629_8pcom-tol succeed : supercell length [10.7386     28.79723585 33.99392521]
2025-05-25 20:13:29,461 - prepare_data.log - INFO - 45_1555045_2a succeed : supercell length [ 9.8257  9.951  13.0464]
2025-05-25 20:13:31,303 - prepare_data.log - INFO - 186_pfc-73-cu succeed : supercell length [ 8.0224 21.1603 44.384 ]
2025-05-25 20:13:33,868 - prepare_data.log - INFO - 13-2d2_nmp succeed : supercell length [11.8728 17.5695 24.6796]
2025-05-25 20:13:37,783 - prepare_data.log - INFO - 2302240104 succeed : supercell length [11.0785     13.25029253 28.4329    ]
2025-05-25 20:13:41,318 - prepare_data.log - INFO - 28_1478357_t1toluene3 succeed : supercell length [11.4943 14.4085 22.9268]
2025-05-25 20:13:44,454 - prepare_data.log - INFO - 271-2 succeed : supercell length [13.5456 14.3676 16.0962]
2025-05-25 20:13:46,386 - prepare_data.log - INFO - 253-hof-fju-46 succeed : supercell length [11.8206 12.459  12.459 ]
2025-05-25 20:13:47,655 - prepare_data.log - INFO - 231hof-fju-88 succeed : supercell length [ 8.5893 10.1337 10.8686]
2025-05-25 20:13:50,150 - prepare_data.log - INFO - 159_2080627_cp-pp-2tcb succeed : supercell length [12.1346 12.0949 12.3301]
2025-05-25 20:13:54,507 - prepare_data.log - INFO - 13-2d1_mebz succeed : supercell length [26.4021 27.5097 27.5126]
2025-05-25 20:13:56,408 - prepare_data.log - INFO - 58_1841048_-tmahac succeed : supercell length [16.53409715 16.53409715 16.53409715]
2025-05-25 20:13:58,440 - prepare_data.log - INFO - 264-cp-py-3 succeed : supercell length [15.1728  9.404  13.016 ]
2025-05-25 20:14:01,418 - prepare_data.log - INFO - 37_1541088-iv succeed : supercell length [ 8.4431  8.4744 11.8511]
2025-05-25 20:14:03,999 - prepare_data.log - INFO - 182_ihof-3 succeed : supercell length [14.288  8.54  18.382]
2025-05-25 20:14:05,784 - prepare_data.log - INFO - 72_1883913_pfc-5 succeed : supercell length [ 9.5071 15.2195 18.1208]
2025-05-25 20:14:08,124 - prepare_data.log - INFO - 138_1969816_2d-82 succeed : supercell length [10.1508 10.1817 38.9835]
2025-05-25 20:14:10,149 - prepare_data.log - INFO - 259-etta_i succeed : supercell length [11.2544 13.2343 21.4405]
2025-05-25 20:14:12,099 - prepare_data.log - INFO - 151-tolhat-1 succeed : supercell length [13.92738    34.44761139 34.44761139]
2025-05-25 20:14:14,264 - prepare_data.log - INFO - 162_2076399_pycalow-a succeed : supercell length [14.7386 10.3919 11.797 ]
2025-05-25 20:14:17,679 - prepare_data.log - INFO - 45_1555044_1d succeed : supercell length [12.858  13.6973 14.015 ]
2025-05-25 20:14:19,728 - prepare_data.log - INFO - 258-hof-lifm-10 succeed : supercell length [ 9.4584 18.3584 26.7773]
2025-05-25 20:14:21,513 - prepare_data.log - INFO - 37_1541085-i succeed : supercell length [15.3118  8.7619 11.1162]
2025-05-25 20:14:23,985 - prepare_data.log - INFO - 160_2056902_tpe2bpy succeed : supercell length [13.8533 14.7567 15.7974]
2025-05-25 20:14:25,542 - prepare_data.log - INFO - 2031d succeed : supercell length [ 9.8302 12.212  16.4775]
2025-05-25 20:14:28,072 - prepare_data.log - INFO - 19_1457115_t12-1 succeed : supercell length [15.3981 21.2475 23.5028]
2025-05-25 20:14:31,124 - prepare_data.log - INFO - 109_1881305_ptocz succeed : supercell length [10.412 18.186 27.919]
2025-05-25 20:14:33,473 - prepare_data.log - INFO - 104_1857375_1 succeed : supercell length [12.7121 15.4197 27.931 ]
2025-05-25 20:14:34,931 - prepare_data.log - INFO - 10-sof-7 succeed : supercell length [15.31352    15.54993817 34.5158    ]
2025-05-25 20:14:36,644 - prepare_data.log - INFO - 14_1044789_hof-7 succeed : supercell length [13.557  17.2802 19.7405]
2025-05-25 20:14:41,267 - prepare_data.log - INFO - 118_1991982_pentamof-3 succeed : supercell length [14.4751 21.166  28.6889]
2025-05-25 20:14:44,394 - prepare_data.log - INFO - 150-hof-fju-4 succeed : supercell length [ 9.7008 17.1078 26.1967]
2025-05-25 20:14:47,779 - prepare_data.log - INFO - 2_g4ibs26 succeed : supercell length [14.884  12.5958 21.335 ]
2025-05-25 20:14:51,246 - prepare_data.log - INFO - 73_1908804_p5 succeed : supercell length [19.6681     19.77204968 23.29999288]
2025-05-25 20:14:53,729 - prepare_data.log - INFO - 28_1478362_t1 succeed : supercell length [10.6671 12.6388 14.8923]
2025-05-25 20:14:57,254 - prepare_data.log - INFO - 102_1970869_85dmso2c6h6 succeed : supercell length [16.7222 16.9061 22.2116]
2025-05-25 20:14:59,684 - prepare_data.log - INFO - 175_2062608_25 succeed : supercell length [13.7622 14.4694 10.9598]
2025-05-25 20:15:02,397 - prepare_data.log - INFO - 3_822582_25dmf3meohsof-1 succeed : supercell length [13.7072 14.319  32.694 ]
2025-05-25 20:15:05,413 - prepare_data.log - INFO - 157_2078751_hof-16-ethanol succeed : supercell length [14.9526     16.73149901 16.73149901]
2025-05-25 20:15:08,667 - prepare_data.log - INFO - 106_1904340_pfc-12 succeed : supercell length [20.6326     20.64770905 20.64770905]
2025-05-25 20:15:10,676 - prepare_data.log - INFO - 12_trispyrazole1 succeed : supercell length [19.314      19.82984441 22.045     ]
2025-05-25 20:15:14,505 - prepare_data.log - INFO - 38_1578416-tpme-1 succeed : supercell length [22.44386694 22.44386694 24.10330257]
2025-05-25 20:15:18,875 - prepare_data.log - INFO - 194-aniline_fju-360 succeed : supercell length [14.3068     15.7471715  27.74989846]
2025-05-25 20:15:20,842 - prepare_data.log - INFO - 58_1841046_-tma01hac succeed : supercell length [15.332      16.531      16.54613183]
2025-05-25 20:15:22,187 - prepare_data.log - INFO - 108_1992596_zrt-2- succeed : supercell length [19.31808655 19.31808655 19.31808655]
2025-05-25 20:15:23,604 - prepare_data.log - INFO - 70_1898278_hof1⊃thf succeed : supercell length [ 8.49074   17.2166797 20.1360225]
2025-05-25 20:15:26,312 - prepare_data.log - INFO - 275-cage-6-cooh_nmp_solvate succeed : supercell length [11.3256 18.5271 18.5271]
2025-05-25 20:15:28,317 - prepare_data.log - INFO - 1_2 succeed : supercell length [12.321  14.5308 13.8699]
2025-05-25 20:15:30,901 - prepare_data.log - INFO - 13-2a_ref_h succeed : supercell length [14.100349 14.100349 16.3395  ]
2025-05-25 20:15:34,275 - prepare_data.log - INFO - 2_g4fbs0514 succeed : supercell length [14.8576 12.3793 15.813 ]
2025-05-25 20:15:37,133 - prepare_data.log - INFO - 182_ihof-4 succeed : supercell length [15.104  9.837 14.641]
2025-05-25 20:15:40,839 - prepare_data.log - INFO - 1_8 succeed : supercell length [12.23   14.6948 14.377 ]
2025-05-25 20:15:43,025 - prepare_data.log - INFO - 293-1biphenyldicarboxylate succeed : supercell length [12.741  16.1122 17.3449]
2025-05-25 20:15:45,662 - prepare_data.log - INFO - 13-2b_ref_br succeed : supercell length [ 9.36017 20.4918  22.4362 ]
2025-05-25 20:15:48,507 - prepare_data.log - INFO - 224tam-bdca-hof succeed : supercell length [15.322     22.0439595 22.0439595]
2025-05-25 20:15:52,748 - prepare_data.log - INFO - 73_1908801_monomer2 succeed : supercell length [20.31175945 20.31175945 23.55399279]
2025-05-25 20:15:57,424 - prepare_data.log - INFO - 75_1889096_26pf6 succeed : supercell length [18.0319 21.9244 23.1962]
2025-05-25 20:15:59,836 - prepare_data.log - INFO - 2_g4fbs20 succeed : supercell length [15.0664 11.9412 20.206 ]
2025-05-25 20:16:03,487 - prepare_data.log - INFO - 2_g2mbs059 succeed : supercell length [14.524  12.1437 18.062 ]
2025-05-25 20:16:06,970 - prepare_data.log - INFO - 84_1867937_5micro succeed : supercell length [12.851 14.549 18.536]
2025-05-25 20:16:14,571 - prepare_data.log - INFO - 33_1052040_hof-5 succeed : supercell length [14.1759 21.647  22.0832]
2025-05-25 20:16:16,631 - prepare_data.log - INFO - 2282231664 succeed : supercell length [16.274      19.7        22.02526958]
2025-05-25 20:16:19,782 - prepare_data.log - INFO - 182_ihof-2 succeed : supercell length [13.8071 15.2513 20.4803]
2025-05-25 20:17:38,926 - prepare_data.log - INFO - 91_1941697_unam-1 succeed : supercell length [32.3206 32.3206 32.3206]
2025-05-25 20:17:42,049 - prepare_data.log - INFO - 43_1583116_cpos-4 succeed : supercell length [14.415      17.01607873 17.01607873]
2025-05-25 20:17:46,156 - prepare_data.log - INFO - 55_1837143_1-8min succeed : supercell length [14.854 23.56  24.06 ]
2025-05-25 20:17:49,073 - prepare_data.log - INFO - 54_1857529_pyopen⊃isoproh succeed : supercell length [10.451 17.079 29.897]
2025-05-25 20:17:51,309 - prepare_data.log - INFO - 132_1973460_hbc-1 succeed : supercell length [ 8.87   9.688 19.04 ]
2025-05-25 20:17:53,473 - prepare_data.log - INFO - 2_g4bbs2 succeed : supercell length [15.0514 11.448  19.786 ]
2025-05-25 20:17:55,404 - prepare_data.log - INFO - 293-areverse succeed : supercell length [ 8.4934 16.527  20.5967]
2025-05-25 20:17:58,137 - prepare_data.log - INFO - 13-2d2_dmf succeed : supercell length [11.9735 17.286  24.5409]
2025-05-25 20:18:00,608 - prepare_data.log - INFO - 37_1541093-ix succeed : supercell length [11.6283 12.6156 15.6459]
2025-05-25 20:18:03,384 - prepare_data.log - INFO - 2_g4ibs22 succeed : supercell length [15.0212 11.8486 22.9872]
2025-05-25 20:18:05,527 - prepare_data.log - INFO - 135_2035078_pfc-42 succeed : supercell length [15.0386 19.0692 20.4491]
2025-05-25 20:18:11,034 - prepare_data.log - INFO - 4-hof-1 succeed : supercell length [14.37       14.91088979 14.91088979]
2025-05-25 20:18:13,344 - prepare_data.log - INFO - 89_1916385_2 succeed : supercell length [15.9744 11.1016 20.2051]
2025-05-25 20:18:15,448 - prepare_data.log - INFO - 254-exp_485 succeed : supercell length [11.332  11.4272 11.7999]
2025-05-25 20:18:17,537 - prepare_data.log - INFO - 36_1566035_l1-h6 succeed : supercell length [17.0954 17.1816 17.3736]
2025-05-25 20:18:19,850 - prepare_data.log - INFO - 205l-h succeed : supercell length [10.2716 10.9727 20.9412]
2025-05-25 20:18:21,364 - prepare_data.log - INFO - 254-ck1022e succeed : supercell length [10.2223     16.60844477 16.60844477]
2025-05-25 20:18:33,429 - prepare_data.log - INFO - 6_918144_2as_tpma_tmbd-pos1b succeed : supercell length [26.173 31.957 32.739]
2025-05-25 20:18:35,708 - prepare_data.log - INFO - 80_1913385_hof-12 succeed : supercell length [ 9.0765     19.78890296 23.49769223]
2025-05-25 20:18:37,792 - prepare_data.log - INFO - 37_1541097-xiii succeed : supercell length [11.6527 11.6634 16.9173]
2025-05-25 20:18:41,387 - prepare_data.log - INFO - 2_g4ibs succeed : supercell length [13.53  15.11  22.527]
2025-05-25 20:18:44,656 - prepare_data.log - INFO - 307-mthof-1 succeed : supercell length [10.393  29.3419 32.4475]
2025-05-25 20:18:50,099 - prepare_data.log - INFO - 264-cp-py-2-dmani succeed : supercell length [14.9386 14.233  24.172 ]
2025-05-25 20:18:52,363 - prepare_data.log - INFO - 168_2087506_hof-30a-c3h4 succeed : supercell length [14.2979     15.922      17.90253593]
2025-05-25 20:18:55,085 - prepare_data.log - INFO - 297_sof-9 succeed : supercell length [17.7018 20.5306 21.2452]
2025-05-25 20:18:57,226 - prepare_data.log - INFO - 78_1576306_2 succeed : supercell length [11.376  8.922 11.235]
2025-05-25 20:18:59,614 - prepare_data.log - INFO - 175_2062609_26 succeed : supercell length [13.682 14.528 10.773]
2025-05-25 20:19:03,916 - prepare_data.log - INFO - 84_1867928_2 succeed : supercell length [15.2162 11.9288 21.4   ]
2025-05-25 20:19:07,401 - prepare_data.log - INFO - 19_1457116_ex-1 succeed : supercell length [15.3971 17.5779 26.0548]
2025-05-25 20:19:10,900 - prepare_data.log - INFO - 1_14 succeed : supercell length [12.3764 14.3988 14.2951]
2025-05-25 20:19:14,216 - prepare_data.log - INFO - 2_g2fbs succeed : supercell length [14.61390584 14.61390584 22.99      ]
2025-05-25 20:19:16,041 - prepare_data.log - INFO - 171_2105279_[co2pca4bimb2] succeed : supercell length [10.0331 12.805  13.1684]
2025-05-25 20:19:19,497 - prepare_data.log - INFO - 47_1819846_2ace succeed : supercell length [12.3666 13.9068 20.5483]
2025-05-25 20:19:23,165 - prepare_data.log - INFO - 194-fju-360 succeed : supercell length [14.3412     15.76860258 28.09898697]
2025-05-25 20:19:25,372 - prepare_data.log - INFO - 275-cagehof-2 succeed : supercell length [16.4319 22.6444 22.6444]
2025-05-25 20:19:28,267 - prepare_data.log - INFO - 8_988067_hof-8 succeed : supercell length [15.15118385 15.15118385 15.37354625]
2025-05-25 20:19:31,590 - prepare_data.log - INFO - 150-hof-fju-5 succeed : supercell length [ 9.0249 21.9453 25.263 ]
2025-05-25 20:19:33,638 - prepare_data.log - INFO - 107_1850860_2 succeed : supercell length [11.71314947 11.71314947 17.71493391]
2025-05-25 20:19:35,091 - prepare_data.log - INFO - 29_1529718_hof-9 succeed : supercell length [10.7844 11.6088 15.9757]
2025-05-25 20:19:39,055 - prepare_data.log - INFO - 55_1837140_1’-10min succeed : supercell length [14.7956 24.002  24.002 ]
2025-05-25 20:19:42,066 - prepare_data.log - INFO - 49_1815224_hof2a succeed : supercell length [ 9.2526  9.601  13.5651]
2025-05-25 20:19:44,769 - prepare_data.log - INFO - 45_1555041_1a succeed : supercell length [10.864  10.9394 14.4447]
2025-05-25 20:19:47,137 - prepare_data.log - INFO - 37_1541086-ii succeed : supercell length [ 8.2074  11.1742  17.21665]
2025-05-25 20:19:53,202 - prepare_data.log - INFO - 2031dso42]tba4 succeed : supercell length [17.4121 23.4157 34.5668]
2025-05-25 20:20:00,840 - prepare_data.log - INFO - 5-1 succeed : supercell length [26.7455 26.7455 26.7455]
2025-05-25 20:20:10,100 - prepare_data.log - INFO - 100_1974318_3 succeed : supercell length [19.365 19.365 52.561]
2025-05-25 20:20:12,550 - prepare_data.log - INFO - 218-hof-tcpb-333 succeed : supercell length [11.505 11.908 13.35 ]
2025-05-25 20:20:17,700 - prepare_data.log - INFO - 51_1819783_tcf-3 succeed : supercell length [14.1504 18.9552 18.9552]
2025-05-25 20:20:19,513 - prepare_data.log - INFO - 187_3d-thf succeed : supercell length [15.0778 13.2096 13.2096]
2025-05-25 20:20:21,934 - prepare_data.log - INFO - 102_1970867_53dmso succeed : supercell length [10.9174     10.94612498 13.2699    ]
2025-05-25 20:21:09,067 - prepare_data.log - INFO - 151-thiahat-1 succeed : supercell length [13.9758 65.827  65.827 ]
2025-05-25 20:21:12,299 - prepare_data.log - INFO - 84_1867931_5 succeed : supercell length [12.8742 14.5355 18.5423]
2025-05-25 20:21:16,808 - prepare_data.log - INFO - 293-aanth succeed : supercell length [16.3067317 16.3067317 16.3067317]
2025-05-25 20:21:18,971 - prepare_data.log - INFO - 159_2078212_cp-pp-1dcb succeed : supercell length [12.674  11.2577 17.7097]
2025-05-25 20:21:21,689 - prepare_data.log - INFO - 261-mc30-2173797 succeed : supercell length [10.7307  9.6312 14.834 ]
2025-05-25 20:21:26,416 - prepare_data.log - INFO - 73_1908807_monomer1 succeed : supercell length [20.37307254 20.37307254 23.66272038]
2025-05-25 20:21:29,809 - prepare_data.log - INFO - 75_1889094_16cl succeed : supercell length [10.7083 22.661  33.318 ]
2025-05-25 20:21:33,906 - prepare_data.log - INFO - 18_1445430_2-h2o succeed : supercell length [15.78  12.335 21.047]
2025-05-25 20:21:37,874 - prepare_data.log - INFO - 2_g234tmbs succeed : supercell length [14.928  8.63  20.044]
2025-05-25 20:21:40,715 - prepare_data.log - INFO - 196-2 succeed : supercell length [14.4855 19.5867 19.5867]
2025-05-25 20:21:46,765 - prepare_data.log - INFO - 84_1867933_7a succeed : supercell length [11.277 26.267 27.802]
2025-05-25 20:21:49,341 - prepare_data.log - INFO - 294-3_5 succeed : supercell length [10.0854 20.0861 20.4927]
2025-05-25 20:21:52,280 - prepare_data.log - INFO - 28_1520227_t2c3h6o succeed : supercell length [14.568      12.69177403 14.39549946]
2025-05-25 20:21:55,889 - prepare_data.log - INFO - 73_1908803_p6 succeed : supercell length [19.9929     19.99440751 23.40782886]
2025-05-25 20:21:59,895 - prepare_data.log - INFO - 64_1823163_1-co succeed : supercell length [33.883 35.698 38.432]
2025-05-25 20:22:02,044 - prepare_data.log - INFO - 2252212797hof-fju-36 succeed : supercell length [ 8.2913 12.8005 18.1125]
2025-05-25 20:22:07,612 - prepare_data.log - INFO - 50_1841012_cbphat-1tcb succeed : supercell length [14.2292 29.7532 29.7532]
2025-05-25 20:22:10,517 - prepare_data.log - INFO - 48_1846106_20 succeed : supercell length [12.3721 13.1526 19.5199]
2025-05-25 20:22:14,623 - prepare_data.log - INFO - 13-2d1_dma_c2 succeed : supercell length [27.4298     27.50664907 27.905     ]
2025-05-25 20:22:15,904 - prepare_data.log - INFO - 22_1044788_hof-6 succeed : supercell length [11.603      12.54571812 20.37892125]
2025-05-25 20:22:18,821 - prepare_data.log - INFO - 13-1d1_dmf succeed : supercell length [11.3554 18.9932 21.7288]
2025-05-25 20:22:19,035 - prepare_data.log - ERROR - 219n-hexane@hof-tri-pmdi-br failed : [Errno 2] No such file or directory: 'data/HOF_cif/cif/219n-hexane'
2025-05-25 20:22:21,685 - prepare_data.log - INFO - 125_1892552_hma+hpda− succeed : supercell length [15.5398 15.5398 21.8936]
2025-05-25 20:22:23,954 - prepare_data.log - INFO - 51_1819736_tcf1_open succeed : supercell length [ 8.173 12.76  12.76 ]
2025-05-25 20:22:31,895 - prepare_data.log - INFO - 5-9 succeed : supercell length [26.802 27.147 27.147]
2025-05-25 20:22:34,552 - prepare_data.log - INFO - 95_1865241_pethof-1 succeed : supercell length [18.7844 37.6405 56.7495]
2025-05-25 20:22:36,271 - prepare_data.log - INFO - 25_1499634_x-ttf succeed : supercell length [10.021  16.1986 18.3286]
2025-05-25 20:22:39,699 - prepare_data.log - INFO - 1_6 succeed : supercell length [12.2436 14.7606 13.875 ]
2025-05-25 20:22:43,631 - prepare_data.log - INFO - 55_1837138_1’-0ming succeed : supercell length [15.0006 23.156  24.257 ]
2025-05-25 20:22:45,727 - prepare_data.log - INFO - 57_1851025_tcpp-13-dpp succeed : supercell length [ 9.7541 17.4759 21.7441]
2025-05-25 20:22:52,040 - prepare_data.log - INFO - 184_cfa-20-tp2 succeed : supercell length [31.196      32.38981304 32.38981304]
2025-05-25 20:22:53,468 - prepare_data.log - INFO - 314-4 succeed : supercell length [11.3135     11.3135     13.86793202]
2025-05-25 20:22:56,788 - prepare_data.log - INFO - 47_1819847_2mecn succeed : supercell length [12.3434 13.841  20.5354]
2025-05-25 20:22:59,276 - prepare_data.log - INFO - 34_1563351_cpsm-1 succeed : supercell length [13.1092 21.8359 35.3047]
2025-05-25 20:23:02,014 - prepare_data.log - INFO - 49_1815222_hof1a succeed : supercell length [14.8684  9.5211 12.6425]
2025-05-25 20:23:04,849 - prepare_data.log - INFO - 54_1857530_pyopen⊃mecn succeed : supercell length [10.444 17.047 29.959]
2025-05-25 20:23:06,435 - prepare_data.log - INFO - 258-hof-lifm-11 succeed : supercell length [ 8.8        20.35416799 38.08631606]
2025-05-25 20:23:08,382 - prepare_data.log - INFO - 40_1510309_hoifs-2 succeed : supercell length [17.786 17.786 21.419]
2025-05-25 20:23:09,723 - prepare_data.log - INFO - 25_1499635_x-pyq succeed : supercell length [11.21738 14.7726  18.7946 ]
2025-05-25 20:23:13,166 - prepare_data.log - INFO - 2_g3mbs5 succeed : supercell length [14.8878 11.6454 21.0703]
2025-05-25 20:23:15,318 - prepare_data.log - INFO - 20218860151 succeed : supercell length [ 8.3443 11.8289 12.3043]
2025-05-25 20:23:19,103 - prepare_data.log - INFO - 294-3_4 succeed : supercell length [10.8699 24.1347 24.7076]
2025-05-25 20:23:23,986 - prepare_data.log - INFO - 184_cfa-20-tp-dmso succeed : supercell length [20.5247 22.8524 30.6569]
2025-05-25 20:23:27,874 - prepare_data.log - INFO - 254-auto succeed : supercell length [14.1461 18.4457 19.0739]
2025-05-25 20:23:29,384 - prepare_data.log - INFO - 244-hof-tta succeed : supercell length [12.9081 15.248  19.3491]
2025-05-25 20:23:31,621 - prepare_data.log - INFO - 30_1531826_12c4h8o2 succeed : supercell length [11.945      14.47189968 15.094     ]
2025-05-25 20:23:35,652 - prepare_data.log - INFO - 2_g245tmbs succeed : supercell length [14.9596  9.3991 18.513 ]
2025-05-25 20:23:37,163 - prepare_data.log - INFO - 169_2083181_re6-hof-1as succeed : supercell length [13.4205 13.4191 13.4212]
2025-05-25 20:23:39,677 - prepare_data.log - INFO - 264-cp-py-1-dmani succeed : supercell length [15.0588 17.2143 23.482 ]
2025-05-25 20:23:44,331 - prepare_data.log - INFO - 187_3d-selenophene succeed : supercell length [15.0818 13.2851 13.2851]
2025-05-25 20:23:46,981 - prepare_data.log - INFO - 37_1541087-iii succeed : supercell length [ 9.5251      9.96961407 16.8478    ]
2025-05-25 20:24:04,264 - prepare_data.log - INFO - 5-11 succeed : supercell length [26.8543 26.8543 26.8543]
2025-05-25 20:24:07,861 - prepare_data.log - INFO - 113_1984954_hof-20aniline succeed : supercell length [13.8944 22.5004 22.807 ]
2025-05-25 20:24:11,010 - prepare_data.log - INFO - 142_2031633_8pcom-methanol succeed : supercell length [10.5575 18.6592 24.837 ]
2025-05-25 20:24:14,703 - prepare_data.log - INFO - 28_1478356_t2nmp275 succeed : supercell length [14.6672 22.3249 22.3249]
2025-05-25 20:24:16,784 - prepare_data.log - INFO - 277-hdsd-1 succeed : supercell length [15.0502  8.7447 10.8632]
2025-05-25 20:24:20,889 - prepare_data.log - INFO - 55_1837144_1-15min succeed : supercell length [14.91  23.775 24.128]
2025-05-25 20:24:23,199 - prepare_data.log - INFO - 23_1424089_1_2d1 succeed : supercell length [14.5303 14.9461 20.2579]
2025-05-25 20:24:26,445 - prepare_data.log - INFO - 2222151260 succeed : supercell length [13.0985 13.8588 17.855 ]
2025-05-25 20:24:28,997 - prepare_data.log - INFO - 44_1532905_hof-21 succeed : supercell length [ 9.92263295  9.92263295 21.3117    ]
2025-05-25 20:24:34,700 - prepare_data.log - INFO - 49_1815226_hof3a succeed : supercell length [10.0965 10.5432 24.1212]
2025-05-25 20:24:37,209 - prepare_data.log - INFO - 172-tpe-aa-3 succeed : supercell length [10.7111 10.7111 32.2251]
2025-05-25 20:24:39,601 - prepare_data.log - INFO - 38_1578417_tpf-1 succeed : supercell length [12.2591    18.0305    22.1442209]
2025-05-25 20:24:42,587 - prepare_data.log - INFO - 2172216825mep-hof succeed : supercell length [17.13254069 17.13254069 42.4881    ]
2025-05-25 20:24:45,390 - prepare_data.log - INFO - 205l-ch3 succeed : supercell length [ 9.9652 10.8659 22.0413]
2025-05-25 20:24:50,714 - prepare_data.log - INFO - 84_1905538_7b succeed : supercell length [ 9.496 14.992 29.553]
2025-05-25 20:24:53,471 - prepare_data.log - INFO - 171_2105278_[copca2bmimb] succeed : supercell length [12.6288 14.024  14.024 ]
2025-05-25 20:24:57,049 - prepare_data.log - INFO - 281-hof-btb-nh2 succeed : supercell length [20.02514948 20.02514948 24.0274    ]
2025-05-25 20:25:00,921 - prepare_data.log - INFO - 272-hof-215 succeed : supercell length [13.744      14.46832713 14.46832713]
2025-05-25 20:25:07,708 - prepare_data.log - INFO - 2_g4ipbs succeed : supercell length [12.686 14.501 47.584]
2025-05-25 20:25:10,674 - prepare_data.log - INFO - 1_11 succeed : supercell length [14.565  12.3628 14.0297]
2025-05-25 20:25:14,483 - prepare_data.log - INFO - 314-4-cl succeed : supercell length [14.51323082 14.51323082 14.51323082]
2025-05-25 20:25:22,761 - prepare_data.log - INFO - 207-hof-pytta succeed : supercell length [14.9677 26.8518 29.412 ]
2025-05-25 20:25:25,054 - prepare_data.log - INFO - 2262206854 succeed : supercell length [ 8.713 10.146 14.257]
2025-05-25 20:25:26,555 - prepare_data.log - INFO - 16_1057513_hof-5 succeed : supercell length [14.1759     15.46172962 15.46172962]
2025-05-25 20:25:29,369 - prepare_data.log - INFO - 3_822585_2dmf4meohs2b succeed : supercell length [ 9.0709 10.9421 12.7964]
2025-05-25 20:25:32,909 - prepare_data.log - INFO - 118_1991980_pentamof-2 succeed : supercell length [18.24086749 18.24086749 20.237     ]
2025-05-25 20:25:35,087 - prepare_data.log - INFO - 136_2053362_imd-tph-280k succeed : supercell length [8.3186 9.6465 9.8382]
2025-05-25 20:25:37,804 - prepare_data.log - INFO - 5-3 succeed : supercell length [23.26222177 23.26222177 23.26222177]
2025-05-25 20:25:42,081 - prepare_data.log - INFO - 2_g4tbbs02527 succeed : supercell length [12.334 13.668 22.015]
2025-05-25 20:25:43,644 - prepare_data.log - INFO - 193-dap-hof-2 succeed : supercell length [10.7265 11.3448 11.6327]
2025-05-25 20:25:46,082 - prepare_data.log - INFO - 175_1916808_345 succeed : supercell length [12.9306 14.8024 10.8246]
2025-05-25 20:25:50,047 - prepare_data.log - INFO - 55_1837136_2-hfbl succeed : supercell length [14.6612 24.1573 24.1573]
2025-05-25 20:25:53,429 - prepare_data.log - INFO - 294-4_pyridine succeed : supercell length [12.444  13.0297 23.3004]
2025-05-25 20:25:57,094 - prepare_data.log - INFO - 293-btere succeed : supercell length [14.534 22.047 24.327]
2025-05-25 20:25:58,825 - prepare_data.log - INFO - 259-etta_br succeed : supercell length [10.89   12.2534 13.2182]
2025-05-25 20:26:01,272 - prepare_data.log - INFO - 235_phof-1nh3 succeed : supercell length [11.90838977 11.90838977 16.9014    ]
2025-05-25 20:26:03,742 - prepare_data.log - INFO - 254--hcof-bf3-08 succeed : supercell length [10.0516     16.73933115 16.73933115]
2025-05-25 20:26:08,380 - prepare_data.log - INFO - 55_1837134_1 succeed : supercell length [14.9702 23.127  24.166 ]
2025-05-25 20:26:10,140 - prepare_data.log - INFO - 259-etta_cl succeed : supercell length [10.6076 11.8411 13.0742]
2025-05-25 20:26:16,414 - prepare_data.log - INFO - 20_1472884_iiserp-hof1 succeed : supercell length [14.47  27.116 50.042]
2025-05-25 20:26:19,564 - prepare_data.log - INFO - 184_cfa-20-cl succeed : supercell length [15.64544464 15.64544464 15.64544464]
2025-05-25 20:26:23,075 - prepare_data.log - INFO - 23_1424088_1_2dimp succeed : supercell length [15.3014 20.3447 28.1624]
2025-05-25 20:26:29,132 - prepare_data.log - INFO - 48_1846104_25 succeed : supercell length [15.3843     47.27252879 53.37      ]
2025-05-25 20:26:32,836 - prepare_data.log - INFO - 1_12 succeed : supercell length [14.546  12.3595 14.0896]
2025-05-25 20:26:35,197 - prepare_data.log - INFO - 117_1948437_hons1 succeed : supercell length [13.374  9.819 15.666]
2025-05-25 20:26:39,419 - prepare_data.log - INFO - 77_1913304_pethof-3 succeed : supercell length [37.888 37.888 54.616]
2025-05-25 20:26:41,168 - prepare_data.log - INFO - 63_1866017_r-sq succeed : supercell length [15.7292 15.9458  8.1528]
2025-05-25 20:26:44,104 - prepare_data.log - INFO - 250-hof-zstu-1 succeed : supercell length [16.1625 16.7288 32.8031]
2025-05-25 20:26:46,084 - prepare_data.log - INFO - 3_822583_2dmf5c6h6s2a succeed : supercell length [ 8.372 12.087 16.072]
2025-05-25 20:26:51,985 - prepare_data.log - INFO - 7_907058_sbds_tpma_o_chlorotoluene succeed : supercell length [20.0923 20.0923 26.7895]
2025-05-25 20:26:54,753 - prepare_data.log - INFO - 293-s3_4 succeed : supercell length [14.4258     11.87803691 37.2776    ]
2025-05-25 20:26:57,618 - prepare_data.log - INFO - 82_1888146_br2-1 succeed : supercell length [10.3824 18.8386 21.0988]
2025-05-25 20:26:59,651 - prepare_data.log - INFO - 2342256277 succeed : supercell length [10.8157 19.986  26.527 ]
2025-05-25 20:27:02,659 - prepare_data.log - INFO - 189_2038905_cpdc-1 succeed : supercell length [ 8.5642     20.5397     23.62715077]
2025-05-25 20:27:05,212 - prepare_data.log - INFO - 84_1867934_8 succeed : supercell length [15.2164 12.009  31.99  ]
2025-05-25 20:27:11,620 - prepare_data.log - INFO - 15-mo_jesse04_0m_sq succeed : supercell length [30.116      31.33509066 31.419     ]
2025-05-25 20:27:23,450 - prepare_data.log - INFO - 106_1904339_pfc-13 succeed : supercell length [26.4904 30.8788 41.3829]
2025-05-25 20:27:25,660 - prepare_data.log - INFO - 191-demsoh succeed : supercell length [15.0006     20.9946487  34.04574326]
2025-05-25 20:27:28,810 - prepare_data.log - INFO - 84_1867930_4 succeed : supercell length [15.0114 12.0567 25.5858]
2025-05-25 20:27:30,789 - prepare_data.log - INFO - 156_1973458_x-hof-1 succeed : supercell length [13.12315923 13.12315923 16.4783    ]
2025-05-25 20:27:34,823 - prepare_data.log - INFO - 201-hof-fju-2dmso succeed : supercell length [12.884      22.2419     23.39047383]
2025-05-25 20:27:40,594 - prepare_data.log - INFO - 110_1981967_g4hspb[rubpy3] succeed : supercell length [15.955  16.8829 35.023 ]
2025-05-25 20:27:43,169 - prepare_data.log - INFO - 209-zioc2-1dot5h2o-rt succeed : supercell length [13.791   9.3774 11.017 ]
2025-05-25 20:27:46,806 - prepare_data.log - INFO - 2_g24dmbs succeed : supercell length [14.7824 12.0564 14.037 ]
2025-05-25 20:27:50,737 - prepare_data.log - INFO - 9_1427360_hof-2-s-pea succeed : supercell length [11.8925 11.8925 71.857 ]
2025-05-25 20:27:54,174 - prepare_data.log - INFO - 2_g4bbs26 succeed : supercell length [14.8282 12.6553 21.0695]
2025-05-25 20:27:56,745 - prepare_data.log - INFO - 23_1424091_1_2d3 succeed : supercell length [19.1278 22.3984 22.403 ]
2025-05-25 20:27:58,981 - prepare_data.log - INFO - 2252257051hof-fju-37 succeed : supercell length [ 9.7328 10.5322 16.7506]
2025-05-25 20:28:01,629 - prepare_data.log - INFO - 138_2043142_2d-83 succeed : supercell length [10.1292 10.1913 39.027 ]
2025-05-25 20:28:06,551 - prepare_data.log - INFO - 75_1889095_16br succeed : supercell length [21.836 21.836 29.046]
2025-05-25 20:28:08,254 - prepare_data.log - INFO - 102_1970874_7ndmso succeed : supercell length [21.2871 21.2871 32.0541]
2025-05-25 20:28:12,154 - prepare_data.log - INFO - 160_2056904_tpe2tph succeed : supercell length [ 8.552 21.155 40.406]
2025-05-25 20:28:15,879 - prepare_data.log - INFO - 256-th5_dmf-thf succeed : supercell length [15.4229 32.3002 38.436 ]
2025-05-25 20:28:19,689 - prepare_data.log - INFO - 111_1850974_1-298 succeed : supercell length [12.1852 20.2484 20.7907]
2025-05-25 20:28:21,177 - prepare_data.log - INFO - 169_2083182_re6-hof-2as succeed : supercell length [13.3724 13.4544 13.5139]
2025-05-25 20:28:23,990 - prepare_data.log - INFO - 13-2d2_dmaa succeed : supercell length [11.8785 17.4777 24.6783]
2025-05-25 20:28:27,718 - prepare_data.log - INFO - 118_1991981_pentamof-1 succeed : supercell length [ 9.9569 32.9819 32.9819]
2025-05-25 20:28:29,512 - prepare_data.log - INFO - 102_1970872_9 succeed : supercell length [17.411      22.74566394 22.74566394]
2025-05-25 20:28:34,096 - prepare_data.log - INFO - 36_1566036_imp-18 succeed : supercell length [13.2462 24.5341 27.7134]
2025-05-25 20:28:38,128 - prepare_data.log - INFO - 54_1857527_py6mes25thf succeed : supercell length [10.659 19.85  25.029]
2025-05-25 20:28:39,273 - prepare_data.log - INFO - 294-1_4 succeed : supercell length [17.556      17.556      31.05419123]
2025-05-25 20:28:43,906 - prepare_data.log - INFO - 291-hof2-s succeed : supercell length [18.791 20.086 22.997]
2025-05-25 20:28:45,701 - prepare_data.log - INFO - 139_2052951-fju-200 succeed : supercell length [ 8.1105  9.2804 15.8602]
2025-05-25 20:28:47,829 - prepare_data.log - INFO - 152_2077923_pfc-79 succeed : supercell length [ 8.4537 14.128  18.021 ]
2025-05-25 20:28:50,263 - prepare_data.log - INFO - 2_g2cbs succeed : supercell length [14.242 14.694 11.661]
2025-05-25 20:28:51,756 - prepare_data.log - INFO - 185_h4ttf-tb-1d succeed : supercell length [10.1487 16.004  16.6748]
2025-05-25 20:28:55,453 - prepare_data.log - INFO - 1_1 succeed : supercell length [12.3312 14.6148 14.076 ]
2025-05-25 20:28:59,993 - prepare_data.log - INFO - 1_13 succeed : supercell length [14.5018 12.3281 29.3761]
2025-05-25 20:29:01,978 - prepare_data.log - INFO - 190_hof-101-ch3 succeed : supercell length [11.4738    20.3399837 20.3399837]
2025-05-25 20:29:03,572 - prepare_data.log - INFO - 104_1857374_2 succeed : supercell length [13.5786 13.8597 17.1538]
2025-05-25 20:29:08,203 - prepare_data.log - INFO - 36_1566037_imp-19 succeed : supercell length [12.2548 12.8569 14.9698]
2025-05-25 20:29:10,226 - prepare_data.log - INFO - 162_2076402_pyba_298k succeed : supercell length [ 9.6936  8.9572 10.1708]
2025-05-25 20:29:12,356 - prepare_data.log - INFO - 305-hof-45 succeed : supercell length [17.9446 21.4205 21.4205]
2025-05-25 20:29:14,929 - prepare_data.log - INFO - 313-h4bptc-bpe succeed : supercell length [12.787 17.856 17.856]
2025-05-25 20:29:17,248 - prepare_data.log - INFO - 208 succeed : supercell length [ 9.1957      9.4138     13.37258419]
2025-05-25 20:29:20,001 - prepare_data.log - INFO - 26_1523339_ortho succeed : supercell length [12.22270013 12.22270013 18.66195413]
2025-05-25 20:29:23,542 - prepare_data.log - INFO - 5-8 succeed : supercell length [23.42918208 23.42918208 23.42918208]
2025-05-25 20:29:26,413 - prepare_data.log - INFO - 264-cp-py-1-menaph succeed : supercell length [15.3108 15.342  24.524 ]
2025-05-25 20:29:29,414 - prepare_data.log - INFO - 2_g4cbs0513 succeed : supercell length [15.4338 18.3983 22.8237]
2025-05-25 20:29:31,645 - prepare_data.log - INFO - 211-tcbp-1 succeed : supercell length [10.537      12.6477     17.92052358]
2025-05-25 20:29:39,814 - prepare_data.log - INFO - 312-melem-h2o succeed : supercell length [13.2802 28.79   28.79  ]
2025-05-25 20:29:44,020 - prepare_data.log - INFO - 55_1837145_1-22min succeed : supercell length [14.934 24.102 24.102]
2025-05-25 20:29:45,575 - prepare_data.log - INFO - 128_2010569_pfc-33tma succeed : supercell length [16.355 17.87  20.92 ]
2025-05-25 20:29:48,342 - prepare_data.log - INFO - 5-12 succeed : supercell length [23.22203819 23.22203819 23.22203819]
2025-05-25 20:29:50,864 - prepare_data.log - INFO - 98_1938466_complex2 succeed : supercell length [ 8.7323 13.272  20.1002]
2025-05-25 20:29:55,398 - prepare_data.log - INFO - 142_2031628_8pcom-dcm succeed : supercell length [10.7055     28.21543747 33.97545524]
2025-05-25 20:29:58,716 - prepare_data.log - INFO - 47_1819845_1 succeed : supercell length [12.342  13.7906 21.8554]
2025-05-25 20:29:59,509 - prepare_data.log - INFO - 28_1520230_t2edmf173 succeed : supercell length [14.574 31.681 31.681]
2025-05-25 20:30:03,460 - prepare_data.log - INFO - 293-cphenyl succeed : supercell length [15.6304 14.4559 14.4559]
2025-05-25 20:30:09,276 - prepare_data.log - INFO - 84_1867935_9 succeed : supercell length [15.1476 24.6695 39.618 ]
2025-05-25 20:30:11,308 - prepare_data.log - INFO - 128_2010567_pfc-33 succeed : supercell length [16.305 17.628 20.755]
2025-05-25 20:30:12,908 - prepare_data.log - INFO - 114-1686051-gd-b succeed : supercell length [10.6139 10.6139 10.6139]
2025-05-25 20:30:14,349 - prepare_data.log - INFO - 70_1898280_hof1h2o succeed : supercell length [ 9.1846     16.29542515 20.00858371]
2025-05-25 20:30:17,417 - prepare_data.log - INFO - 1_7 succeed : supercell length [12.267  14.718  13.5867]
2025-05-25 20:30:20,061 - prepare_data.log - INFO - 2202210794hof-tj-1 succeed : supercell length [ 9.7279 12.109  16.102 ]
2025-05-25 20:30:22,512 - prepare_data.log - INFO - 270-fju-56 succeed : supercell length [ 9.6676 12.1052 13.0176]
2025-05-25 20:30:24,605 - prepare_data.log - INFO - 42_1579889_phtcz-1 succeed : supercell length [15.4826 13.003  18.954 ]
2025-05-25 20:30:26,498 - prepare_data.log - INFO - 28_1478359_t2dmso941 succeed : supercell length [14.622 23.305 23.305]
2025-05-25 20:30:28,656 - prepare_data.log - INFO - 180_hof-6 succeed : supercell length [ 8.637     14.935     16.2975663]
2025-05-25 20:30:30,969 - prepare_data.log - INFO - 66_1886467_tpm_an-100k succeed : supercell length [10.6131 10.6131 37.846 ]
2025-05-25 20:30:34,334 - prepare_data.log - INFO - 2272235810 succeed : supercell length [14.4314  9.7162  9.7242]
2025-05-25 20:30:36,249 - prepare_data.log - INFO - 187_2d-s succeed : supercell length [15.0974 11.2551 16.9443]
2025-05-25 20:30:39,425 - prepare_data.log - INFO - 130_1955714_hof-14 succeed : supercell length [11.346      24.08850892 24.08850892]
2025-05-25 20:30:42,371 - prepare_data.log - INFO - 37_1541098-xiv succeed : supercell length [ 8.67   11.4191 12.2871]
2025-05-25 20:30:44,704 - prepare_data.log - INFO - 293-3_oxalate succeed : supercell length [ 9.558 17.633 21.248]
2025-05-25 20:30:47,375 - prepare_data.log - INFO - 293-anh2 succeed : supercell length [13.053      13.201      17.67517503]
2025-05-25 20:30:49,092 - prepare_data.log - INFO - 259-etta_cl2br2 succeed : supercell length [10.7851 12.0383 13.1934]
2025-05-25 20:30:51,392 - prepare_data.log - INFO - 235_phof-1 succeed : supercell length [11.791      11.90184478 16.5782    ]
2025-05-25 20:31:05,069 - prepare_data.log - INFO - 106_1904338_pfc-11 succeed : supercell length [28.8499 30.8381 41.3583]
2025-05-25 20:31:06,856 - prepare_data.log - INFO - 24_1507980_hof-tcbp succeed : supercell length [11.4135     26.74373817 30.09218468]
2025-05-25 20:31:12,386 - prepare_data.log - INFO - 163_2090890_m1-ta succeed : supercell length [19.5118 24.0075 24.0075]
2025-05-25 20:31:19,679 - prepare_data.log - INFO - 6_880741_1-pys-tpmatmbd-pos2 succeed : supercell length [26.07041323 26.07041323 26.07041323]
2025-05-25 20:31:25,836 - prepare_data.log - INFO - 5-14 succeed : supercell length [26.7455 26.7455 26.7455]
2025-05-25 20:31:28,477 - prepare_data.log - INFO - 33_1567204_hof-10 succeed : supercell length [ 9.8254     20.39412868 20.39412868]
2025-05-25 20:31:31,219 - prepare_data.log - INFO - 261-mc250-2173798 succeed : supercell length [10.5789  9.6126 14.7712]
2025-05-25 20:31:33,359 - prepare_data.log - INFO - 137_1971951_jlu-sof3 succeed : supercell length [16.6845 22.7034 22.7034]
2025-05-25 20:31:36,501 - prepare_data.log - INFO - 48_1846105_23 succeed : supercell length [ 9.9336 19.4179 19.4179]
2025-05-25 20:31:38,433 - prepare_data.log - INFO - 87_1902588_tcpp-4dmf succeed : supercell length [12.9058 15.6367 17.3229]
2025-05-25 20:31:40,469 - prepare_data.log - INFO - 37_1541089-v succeed : supercell length [ 9.15836864  9.15836864 15.67252142]
2025-05-25 20:31:43,110 - prepare_data.log - INFO - 158_1878390_hof-fju-1 succeed : supercell length [12.5307 14.3088 19.7527]
2025-05-25 20:31:44,797 - prepare_data.log - INFO - 59_1834674_2 succeed : supercell length [10.649 11.826 17.306]
2025-05-25 20:31:48,190 - prepare_data.log - INFO - 73_1908806_hcof-2 succeed : supercell length [20.58213352 20.58213352 23.70945507]
2025-05-25 20:31:50,641 - prepare_data.log - INFO - 37_1541091-vii succeed : supercell length [ 9.5082 12.0808 14.4647]
2025-05-25 20:31:54,099 - prepare_data.log - INFO - 182_ihof-1 succeed : supercell length [14.305  14.3443 19.669 ]
2025-05-25 20:31:58,845 - prepare_data.log - INFO - 75_1889091_16pf6 succeed : supercell length [27.82366189 27.82366189 27.82366189]
2025-05-25 20:32:01,754 - prepare_data.log - INFO - 143_1980887_smof-pfsix-1 succeed : supercell length [14.1559 17.4393 19.543 ]
2025-05-25 20:32:04,017 - prepare_data.log - INFO - 2_g2mbs succeed : supercell length [15.029   9.2773 16.315 ]
2025-05-25 20:32:07,730 - prepare_data.log - INFO - 293-banth succeed : supercell length [19.811      19.811      26.40481333]
2025-05-25 20:32:08,884 - prepare_data.log - INFO - 152_2077917_pfc-78 succeed : supercell length [ 8.301 18.954 20.558]
2025-05-25 20:32:13,096 - prepare_data.log - INFO - 258-hof-lifm-7 succeed : supercell length [16.6716 16.6846 26.809 ]
2025-05-25 20:32:17,304 - prepare_data.log - INFO - 184_cfa-20-tp succeed : supercell length [16.7108     24.74473712 24.74473712]
2025-05-25 20:32:20,037 - prepare_data.log - INFO - 5-2 succeed : supercell length [23.3416363 23.3416363 23.3416363]
2025-05-25 20:32:23,920 - prepare_data.log - INFO - 196-1 succeed : supercell length [14.1286 14.151  14.4659]
2025-05-25 20:32:25,843 - prepare_data.log - INFO - 275-cagehof-2_dmac succeed : supercell length [11.1935 18.8265 18.8265]
2025-05-25 20:32:27,487 - prepare_data.log - INFO - 128_2010568_pfc-33nh4 succeed : supercell length [16.409 17.732 20.78 ]
2025-05-25 20:32:28,927 - prepare_data.log - INFO - 69_1911192_pfc-2 succeed : supercell length [11.5725     36.26169167 36.26169167]
2025-05-25 20:32:31,070 - prepare_data.log - INFO - 107_1973441_1 succeed : supercell length [ 9.7608 11.4406 11.5187]
2025-05-25 20:32:34,155 - prepare_data.log - INFO - 141_2027045_hof-nf succeed : supercell length [13.7625 15.2928 20.4463]
2025-05-25 20:32:36,720 - prepare_data.log - INFO - 37_1541096-xii succeed : supercell length [12.123      12.2676     17.19023265]
2025-05-25 20:32:40,427 - prepare_data.log - INFO - 269-mcf succeed : supercell length [ 9.6027  9.943  14.283 ]
2025-05-25 20:32:42,127 - prepare_data.log - INFO - 71_1900772_hof-19 succeed : supercell length [ 8.0164 20.0514 23.0932]
2025-05-25 20:32:44,040 - prepare_data.log - INFO - 146_2051621_t12f-1124tcb succeed : supercell length [13.6283     17.0639     23.41436412]
2025-05-25 20:32:46,553 - prepare_data.log - INFO - 2_g4as3 succeed : supercell length [14.8818     10.84042768 12.248     ]
2025-05-25 20:32:48,156 - prepare_data.log - INFO - 28_1520228_t2-_pentane succeed : supercell length [14.492  13.0328 20.66  ]
2025-05-25 20:32:53,283 - prepare_data.log - INFO - 102_1970871_83dmsosolvent succeed : supercell length [16.5486 21.7786 22.6297]
2025-05-25 20:32:56,173 - prepare_data.log - INFO - 211-ptba-1a_sq succeed : supercell length [ 9.4633 15.4412 27.2919]
2025-05-25 20:32:59,824 - prepare_data.log - INFO - 243-hof-fju-40 succeed : supercell length [12.7872     13.1351     25.83140248]
2025-05-25 20:33:03,152 - prepare_data.log - INFO - 129_1984229_upc-h8 succeed : supercell length [ 9.6616 12.3127 22.5851]
2025-05-25 20:33:06,341 - prepare_data.log - INFO - 19_1457117_t12-2dmf succeed : supercell length [18.238  21.6772 21.7332]
2025-05-25 20:33:06,792 - prepare_data.log - INFO - 257-rub-hofs succeed : supercell length [30.0508 30.1069 30.7127]
2025-05-25 20:33:09,852 - prepare_data.log - INFO - 2002164359m-tpy succeed : supercell length [11.30424    20.71644909 39.82078795]
2025-05-25 20:33:11,908 - prepare_data.log - INFO - 168_2087505_hof-30a succeed : supercell length [14.3282     15.9253     17.86787693]
2025-05-25 20:33:14,120 - prepare_data.log - INFO - 28_1478360_t2dmac779 succeed : supercell length [14.6036 23.258  23.258 ]
2025-05-25 20:33:16,728 - prepare_data.log - INFO - 187_1d-w succeed : supercell length [ 9.2312 11.932  12.2656]
2025-05-25 20:33:21,030 - prepare_data.log - INFO - 102_1970868_262dmso9h2o succeed : supercell length [13.115      14.14751223 20.74086909]
2025-05-25 20:33:23,453 - prepare_data.log - INFO - 1_15 succeed : supercell length [12.6295 14.3458 16.0331]
2025-05-25 20:33:27,267 - prepare_data.log - INFO - 187_3d-thiophene-pbenzoquinone succeed : supercell length [15.072 13.113 13.526]
2025-05-25 20:33:32,038 - prepare_data.log - INFO - 293-1_s5 succeed : supercell length [16.6113 20.6602 23.196 ]
2025-05-25 20:34:06,901 - prepare_data.log - INFO - 56_1833799_2dy4cu4 succeed : supercell length [55.27060729 55.27060729 55.27060729]
2025-05-25 20:34:09,538 - prepare_data.log - INFO - 264-cp-py-2-dcb succeed : supercell length [15.1022 11.4435 26.3091]
2025-05-25 20:34:12,949 - prepare_data.log - INFO - 1_4 succeed : supercell length [12.3854 14.6054 14.1951]
2025-05-25 20:34:15,493 - prepare_data.log - INFO - 145_2000839_pfc-25 succeed : supercell length [15.3554     11.05539803 19.1597    ]
2025-05-25 20:34:17,432 - prepare_data.log - INFO - 67_1891045_imd-hbc_260k succeed : supercell length [ 9.5386 10.5388 10.5409]
2025-05-25 20:34:21,856 - prepare_data.log - INFO - 187_3d-thiophene succeed : supercell length [15.0906 13.2909 13.2909]
2025-05-25 20:34:26,839 - prepare_data.log - INFO - 310-hof-fju-52 succeed : supercell length [16.61253036 16.61253036 28.1438    ]
2025-05-25 20:34:30,498 - prepare_data.log - INFO - 2_g4fbs succeed : supercell length [14.9388 11.2721 38.233 ]
2025-05-25 20:34:33,430 - prepare_data.log - INFO - 172-tpe-aa-2 succeed : supercell length [ 9.4265 12.4792 32.52  ]
2025-05-25 20:34:36,934 - prepare_data.log - INFO - 1882ct-18c6-i succeed : supercell length [11.3113 13.4267 21.7047]
2025-05-25 20:34:38,880 - prepare_data.log - INFO - 264-cp-py-1-tcb succeed : supercell length [13.4856 15.8023 27.6306]
2025-05-25 20:34:40,655 - prepare_data.log - INFO - 258-hof-lifm-8 succeed : supercell length [ 8.9632     22.3715367  41.18249879]
2025-05-25 20:34:49,289 - prepare_data.log - INFO - 5-7 succeed : supercell length [26.3029 27.4332 27.4332]
2025-05-25 20:34:54,264 - prepare_data.log - INFO - 55_1837142_1-0mine succeed : supercell length [14.993 23.138 24.249]
2025-05-25 20:34:57,334 - prepare_data.log - INFO - 205l-et succeed : supercell length [ 9.9736 10.9257 22.6929]
2025-05-25 20:34:59,982 - prepare_data.log - INFO - 2272235811 succeed : supercell length [11.3619 10.382  20.098 ]
2025-05-25 20:35:12,793 - prepare_data.log - INFO - 105_1976117_cpbtq-1mebz succeed : supercell length [26.3357 26.3357 57.0508]
2025-05-25 20:35:15,377 - prepare_data.log - INFO - 149_1962983_bpmcz-p1 succeed : supercell length [12.2237 12.6364 34.1461]
2025-05-25 20:35:19,045 - prepare_data.log - INFO - 2_g25dmbs succeed : supercell length [14.8914  9.6016 16.621 ]
2025-05-25 20:35:22,793 - prepare_data.log - INFO - 2_g4nbs055 succeed : supercell length [14.854  19.0067 22.9819]
2025-05-25 20:35:28,480 - prepare_data.log - INFO - 5-6 succeed : supercell length [26.7654 26.7654 26.7654]
2025-05-25 20:35:29,756 - prepare_data.log - INFO - 116_1977891_abtpa-1 succeed : supercell length [10.0408     19.7468148  20.17259371]
2025-05-25 20:35:30,979 - prepare_data.log - INFO - 263-tptca-2 succeed : supercell length [14.6926     15.1916     15.66604444]
2025-05-25 20:35:37,103 - prepare_data.log - INFO - 5-15 succeed : supercell length [26.762 26.762 26.762]
2025-05-25 20:35:38,964 - prepare_data.log - INFO - 263-bptca-2 succeed : supercell length [14.3274 15.2243 17.5962]
2025-05-25 20:35:43,379 - prepare_data.log - INFO - 19_1035280_t18-1 succeed : supercell length [26.4021 27.5097 27.5126]
2025-05-25 20:35:46,458 - prepare_data.log - INFO - 11_1010353_hof-4 succeed : supercell length [14.55  20.212 26.666]
2025-05-25 20:35:49,979 - prepare_data.log - INFO - 2_g4cbs25 succeed : supercell length [14.9376 12.316  20.948 ]
2025-05-25 20:35:52,708 - prepare_data.log - INFO - 23_1424086_1_2d4 succeed : supercell length [12.8218 15.8756 38.6736]
2025-05-25 20:35:55,947 - prepare_data.log - INFO - 83_1940427_kuf-1 succeed : supercell length [15.6374     12.83957532 24.2132    ]
2025-05-25 20:36:01,783 - prepare_data.log - INFO - 187_2d-ms succeed : supercell length [13.48944004 13.48944004 27.0242    ]
2025-05-25 20:36:03,460 - prepare_data.log - INFO - 250-hof-zstu-3 succeed : supercell length [16.471 17.655 20.885]
2025-05-25 20:36:05,934 - prepare_data.log - INFO - 172-tpe-aa-1 succeed : supercell length [13.7679 15.7073 19.2826]
2025-05-25 20:36:08,110 - prepare_data.log - INFO - 86_1865476_cpos-5_273k succeed : supercell length [15.3404     18.17037265 18.17037265]
2025-05-25 20:36:11,178 - prepare_data.log - INFO - 43_1583113_cpos-1 succeed : supercell length [14.6412     17.66368359 17.66368359]
2025-05-25 20:36:14,281 - prepare_data.log - INFO - 297_sof-10 succeed : supercell length [13.6011 20.3271 23.8092]
2025-05-25 20:36:17,995 - prepare_data.log - INFO - 2_g4bbs22 succeed : supercell length [15.0046 11.7808 22.579 ]
2025-05-25 20:36:22,587 - prepare_data.log - INFO - 45_1555042_1b succeed : supercell length [12.8224 12.948  13.432 ]
2025-05-25 20:36:30,444 - prepare_data.log - INFO - 2_g4tbbs succeed : supercell length [12.3765 22.114  56.385 ]
2025-05-25 20:36:32,509 - prepare_data.log - INFO - 301-x-hof-4 succeed : supercell length [10.17631    16.24189104 20.51351705]
2025-05-25 20:36:36,146 - prepare_data.log - INFO - 2_g4mbs22 succeed : supercell length [14.9244 11.8703 22.1066]
2025-05-25 20:36:38,128 - prepare_data.log - INFO - 42_1579887_phtcz-3 succeed : supercell length [15.282 18.328 18.328]
2025-05-25 20:36:40,866 - prepare_data.log - INFO - 19_1035282_t18-2dmf succeed : supercell length [11.9735 17.286  24.5409]
2025-05-25 20:36:44,196 - prepare_data.log - INFO - 294-4_bpy_dmso_acetone succeed : supercell length [11.4761 11.7531 28.7617]
2025-05-25 20:36:45,475 - prepare_data.log - INFO - 25_1499633_x-ph succeed : supercell length [ 9.1127 19.4377 30.6822]
2025-05-25 20:36:47,429 - prepare_data.log - INFO - 2_g4bbs1 succeed : supercell length [14.9572     10.37661394 11.5539    ]
2025-05-25 20:42:10,770 - prepare_data.log - INFO - 219n-hexanehof-tri-pmdi-br succeed : supercell length [11.3718 20.0547 20.0547]
2025-05-25 20:42:12,547 - prepare_data.log - INFO - 139_2052953_phnh2fju-200 succeed : supercell length [ 8.0906  9.4922 15.7413]
